<?xml version="1.0" encoding="UTF-8"?>
<testsuite xmlns:xsi="http://www.w3.org/2001/XMLSchema-instance" xsi:noNamespaceSchemaLocation="https://maven.apache.org/surefire/maven-surefire-plugin/xsd/surefire-test-report-3.0.xsd" version="3.0" name="com.Mssql.PushPullApp.PushPullAppApplicationTests" time="5.762" tests="1" errors="0" skipped="0" failures="0">
  <properties>
    <property name="java.specification.version" value="21"/>
    <property name="sun.jnu.encoding" value="UTF-8"/>
    <property name="java.class.path" value="/Users/ts-rajat.b.sharma/CodesAndRepos/PushPullApp/target/test-classes:/Users/ts-rajat.b.sharma/CodesAndRepos/PushPullApp/target/classes:/Users/ts-rajat.b.sharma/.m2/repository/org/springframework/boot/spring-boot-starter-data-jpa/3.3.0/spring-boot-starter-data-jpa-3.3.0.jar:/Users/ts-rajat.b.sharma/.m2/repository/org/springframework/boot/spring-boot-starter-aop/3.3.0/spring-boot-starter-aop-3.3.0.jar:/Users/ts-rajat.b.sharma/.m2/repository/org/springframework/spring-aop/6.1.8/spring-aop-6.1.8.jar:/Users/ts-rajat.b.sharma/.m2/repository/org/aspectj/aspectjweaver/1.9.22/aspectjweaver-1.9.22.jar:/Users/ts-rajat.b.sharma/.m2/repository/org/springframework/boot/spring-boot-starter-jdbc/3.3.0/spring-boot-starter-jdbc-3.3.0.jar:/Users/ts-rajat.b.sharma/.m2/repository/com/zaxxer/HikariCP/5.1.0/HikariCP-5.1.0.jar:/Users/ts-rajat.b.sharma/.m2/repository/org/springframework/spring-jdbc/6.1.8/spring-jdbc-6.1.8.jar:/Users/ts-rajat.b.sharma/.m2/repository/org/hibernate/orm/hibernate-core/6.5.2.Final/hibernate-core-6.5.2.Final.jar:/Users/ts-rajat.b.sharma/.m2/repository/jakarta/persistence/jakarta.persistence-api/3.1.0/jakarta.persistence-api-3.1.0.jar:/Users/ts-rajat.b.sharma/.m2/repository/jakarta/transaction/jakarta.transaction-api/2.0.1/jakarta.transaction-api-2.0.1.jar:/Users/ts-rajat.b.sharma/.m2/repository/org/jboss/logging/jboss-logging/3.5.3.Final/jboss-logging-3.5.3.Final.jar:/Users/ts-rajat.b.sharma/.m2/repository/org/hibernate/common/hibernate-commons-annotations/6.0.6.Final/hibernate-commons-annotations-6.0.6.Final.jar:/Users/ts-rajat.b.sharma/.m2/repository/io/smallrye/jandex/3.1.2/jandex-3.1.2.jar:/Users/ts-rajat.b.sharma/.m2/repository/com/fasterxml/classmate/1.7.0/classmate-1.7.0.jar:/Users/ts-rajat.b.sharma/.m2/repository/net/bytebuddy/byte-buddy/1.14.16/byte-buddy-1.14.16.jar:/Users/ts-rajat.b.sharma/.m2/repository/org/glassfish/jaxb/jaxb-runtime/4.0.5/jaxb-runtime-4.0.5.jar:/Users/ts-rajat.b.sharma/.m2/repository/org/glassfish/jaxb/jaxb-core/4.0.5/jaxb-core-4.0.5.jar:/Users/ts-rajat.b.sharma/.m2/repository/org/eclipse/angus/angus-activation/2.0.2/angus-activation-2.0.2.jar:/Users/ts-rajat.b.sharma/.m2/repository/org/glassfish/jaxb/txw2/4.0.5/txw2-4.0.5.jar:/Users/ts-rajat.b.sharma/.m2/repository/com/sun/istack/istack-commons-runtime/4.1.2/istack-commons-runtime-4.1.2.jar:/Users/ts-rajat.b.sharma/.m2/repository/jakarta/inject/jakarta.inject-api/2.0.1/jakarta.inject-api-2.0.1.jar:/Users/ts-rajat.b.sharma/.m2/repository/org/antlr/antlr4-runtime/4.13.0/antlr4-runtime-4.13.0.jar:/Users/ts-rajat.b.sharma/.m2/repository/org/springframework/data/spring-data-jpa/3.3.0/spring-data-jpa-3.3.0.jar:/Users/ts-rajat.b.sharma/.m2/repository/org/springframework/data/spring-data-commons/3.3.0/spring-data-commons-3.3.0.jar:/Users/ts-rajat.b.sharma/.m2/repository/org/springframework/spring-orm/6.1.8/spring-orm-6.1.8.jar:/Users/ts-rajat.b.sharma/.m2/repository/org/springframework/spring-context/6.1.8/spring-context-6.1.8.jar:/Users/ts-rajat.b.sharma/.m2/repository/org/springframework/spring-tx/6.1.8/spring-tx-6.1.8.jar:/Users/ts-rajat.b.sharma/.m2/repository/org/springframework/spring-beans/6.1.8/spring-beans-6.1.8.jar:/Users/ts-rajat.b.sharma/.m2/repository/jakarta/annotation/jakarta.annotation-api/2.1.1/jakarta.annotation-api-2.1.1.jar:/Users/ts-rajat.b.sharma/.m2/repository/org/slf4j/slf4j-api/2.0.13/slf4j-api-2.0.13.jar:/Users/ts-rajat.b.sharma/.m2/repository/org/springframework/spring-aspects/6.1.8/spring-aspects-6.1.8.jar:/Users/ts-rajat.b.sharma/.m2/repository/org/springframework/boot/spring-boot-starter-web/3.3.0/spring-boot-starter-web-3.3.0.jar:/Users/ts-rajat.b.sharma/.m2/repository/org/springframework/boot/spring-boot-starter/3.3.0/spring-boot-starter-3.3.0.jar:/Users/ts-rajat.b.sharma/.m2/repository/org/springframework/boot/spring-boot/3.3.0/spring-boot-3.3.0.jar:/Users/ts-rajat.b.sharma/.m2/repository/org/springframework/boot/spring-boot-autoconfigure/3.3.0/spring-boot-autoconfigure-3.3.0.jar:/Users/ts-rajat.b.sharma/.m2/repository/org/springframework/boot/spring-boot-starter-logging/3.3.0/spring-boot-starter-logging-3.3.0.jar:/Users/ts-rajat.b.sharma/.m2/repository/ch/qos/logback/logback-classic/1.5.6/logback-classic-1.5.6.jar:/Users/ts-rajat.b.sharma/.m2/repository/ch/qos/logback/logback-core/1.5.6/logback-core-1.5.6.jar:/Users/ts-rajat.b.sharma/.m2/repository/org/apache/logging/log4j/log4j-to-slf4j/2.23.1/log4j-to-slf4j-2.23.1.jar:/Users/ts-rajat.b.sharma/.m2/repository/org/apache/logging/log4j/log4j-api/2.23.1/log4j-api-2.23.1.jar:/Users/ts-rajat.b.sharma/.m2/repository/org/slf4j/jul-to-slf4j/2.0.13/jul-to-slf4j-2.0.13.jar:/Users/ts-rajat.b.sharma/.m2/repository/org/yaml/snakeyaml/2.2/snakeyaml-2.2.jar:/Users/ts-rajat.b.sharma/.m2/repository/org/springframework/boot/spring-boot-starter-json/3.3.0/spring-boot-starter-json-3.3.0.jar:/Users/ts-rajat.b.sharma/.m2/repository/com/fasterxml/jackson/core/jackson-databind/2.17.1/jackson-databind-2.17.1.jar:/Users/ts-rajat.b.sharma/.m2/repository/com/fasterxml/jackson/core/jackson-annotations/2.17.1/jackson-annotations-2.17.1.jar:/Users/ts-rajat.b.sharma/.m2/repository/com/fasterxml/jackson/core/jackson-core/2.17.1/jackson-core-2.17.1.jar:/Users/ts-rajat.b.sharma/.m2/repository/com/fasterxml/jackson/datatype/jackson-datatype-jdk8/2.17.1/jackson-datatype-jdk8-2.17.1.jar:/Users/ts-rajat.b.sharma/.m2/repository/com/fasterxml/jackson/datatype/jackson-datatype-jsr310/2.17.1/jackson-datatype-jsr310-2.17.1.jar:/Users/ts-rajat.b.sharma/.m2/repository/com/fasterxml/jackson/module/jackson-module-parameter-names/2.17.1/jackson-module-parameter-names-2.17.1.jar:/Users/ts-rajat.b.sharma/.m2/repository/org/springframework/boot/spring-boot-starter-tomcat/3.3.0/spring-boot-starter-tomcat-3.3.0.jar:/Users/ts-rajat.b.sharma/.m2/repository/org/apache/tomcat/embed/tomcat-embed-core/10.1.24/tomcat-embed-core-10.1.24.jar:/Users/ts-rajat.b.sharma/.m2/repository/org/apache/tomcat/embed/tomcat-embed-el/10.1.24/tomcat-embed-el-10.1.24.jar:/Users/ts-rajat.b.sharma/.m2/repository/org/apache/tomcat/embed/tomcat-embed-websocket/10.1.24/tomcat-embed-websocket-10.1.24.jar:/Users/ts-rajat.b.sharma/.m2/repository/org/springframework/spring-web/6.1.8/spring-web-6.1.8.jar:/Users/ts-rajat.b.sharma/.m2/repository/io/micrometer/micrometer-observation/1.13.0/micrometer-observation-1.13.0.jar:/Users/ts-rajat.b.sharma/.m2/repository/io/micrometer/micrometer-commons/1.13.0/micrometer-commons-1.13.0.jar:/Users/ts-rajat.b.sharma/.m2/repository/org/springframework/spring-webmvc/6.1.8/spring-webmvc-6.1.8.jar:/Users/ts-rajat.b.sharma/.m2/repository/org/springframework/spring-expression/6.1.8/spring-expression-6.1.8.jar:/Users/ts-rajat.b.sharma/.m2/repository/com/microsoft/sqlserver/mssql-jdbc/12.6.1.jre11/mssql-jdbc-12.6.1.jre11.jar:/Users/ts-rajat.b.sharma/.m2/repository/javax/persistence/javax.persistence-api/2.2/javax.persistence-api-2.2.jar:/Users/ts-rajat.b.sharma/.m2/repository/org/springframework/boot/spring-boot-starter-test/3.3.0/spring-boot-starter-test-3.3.0.jar:/Users/ts-rajat.b.sharma/.m2/repository/org/springframework/boot/spring-boot-test/3.3.0/spring-boot-test-3.3.0.jar:/Users/ts-rajat.b.sharma/.m2/repository/org/springframework/boot/spring-boot-test-autoconfigure/3.3.0/spring-boot-test-autoconfigure-3.3.0.jar:/Users/ts-rajat.b.sharma/.m2/repository/com/jayway/jsonpath/json-path/2.9.0/json-path-2.9.0.jar:/Users/ts-rajat.b.sharma/.m2/repository/jakarta/xml/bind/jakarta.xml.bind-api/4.0.2/jakarta.xml.bind-api-4.0.2.jar:/Users/ts-rajat.b.sharma/.m2/repository/jakarta/activation/jakarta.activation-api/2.1.3/jakarta.activation-api-2.1.3.jar:/Users/ts-rajat.b.sharma/.m2/repository/net/minidev/json-smart/2.5.1/json-smart-2.5.1.jar:/Users/ts-rajat.b.sharma/.m2/repository/net/minidev/accessors-smart/2.5.1/accessors-smart-2.5.1.jar:/Users/ts-rajat.b.sharma/.m2/repository/org/ow2/asm/asm/9.6/asm-9.6.jar:/Users/ts-rajat.b.sharma/.m2/repository/org/assertj/assertj-core/3.25.3/assertj-core-3.25.3.jar:/Users/ts-rajat.b.sharma/.m2/repository/org/awaitility/awaitility/4.2.1/awaitility-4.2.1.jar:/Users/ts-rajat.b.sharma/.m2/repository/org/hamcrest/hamcrest/2.2/hamcrest-2.2.jar:/Users/ts-rajat.b.sharma/.m2/repository/org/junit/jupiter/junit-jupiter/5.10.2/junit-jupiter-5.10.2.jar:/Users/ts-rajat.b.sharma/.m2/repository/org/junit/jupiter/junit-jupiter-api/5.10.2/junit-jupiter-api-5.10.2.jar:/Users/ts-rajat.b.sharma/.m2/repository/org/opentest4j/opentest4j/1.3.0/opentest4j-1.3.0.jar:/Users/ts-rajat.b.sharma/.m2/repository/org/junit/platform/junit-platform-commons/1.10.2/junit-platform-commons-1.10.2.jar:/Users/ts-rajat.b.sharma/.m2/repository/org/apiguardian/apiguardian-api/1.1.2/apiguardian-api-1.1.2.jar:/Users/ts-rajat.b.sharma/.m2/repository/org/junit/jupiter/junit-jupiter-params/5.10.2/junit-jupiter-params-5.10.2.jar:/Users/ts-rajat.b.sharma/.m2/repository/org/junit/jupiter/junit-jupiter-engine/5.10.2/junit-jupiter-engine-5.10.2.jar:/Users/ts-rajat.b.sharma/.m2/repository/org/junit/platform/junit-platform-engine/1.10.2/junit-platform-engine-1.10.2.jar:/Users/ts-rajat.b.sharma/.m2/repository/org/mockito/mockito-core/5.11.0/mockito-core-5.11.0.jar:/Users/ts-rajat.b.sharma/.m2/repository/net/bytebuddy/byte-buddy-agent/1.14.16/byte-buddy-agent-1.14.16.jar:/Users/ts-rajat.b.sharma/.m2/repository/org/objenesis/objenesis/3.3/objenesis-3.3.jar:/Users/ts-rajat.b.sharma/.m2/repository/org/mockito/mockito-junit-jupiter/5.11.0/mockito-junit-jupiter-5.11.0.jar:/Users/ts-rajat.b.sharma/.m2/repository/org/skyscreamer/jsonassert/1.5.1/jsonassert-1.5.1.jar:/Users/ts-rajat.b.sharma/.m2/repository/com/vaadin/external/google/android-json/0.0.20131108.vaadin1/android-json-0.0.20131108.vaadin1.jar:/Users/ts-rajat.b.sharma/.m2/repository/org/springframework/spring-core/6.1.8/spring-core-6.1.8.jar:/Users/ts-rajat.b.sharma/.m2/repository/org/springframework/spring-jcl/6.1.8/spring-jcl-6.1.8.jar:/Users/ts-rajat.b.sharma/.m2/repository/org/springframework/spring-test/6.1.8/spring-test-6.1.8.jar:/Users/ts-rajat.b.sharma/.m2/repository/org/xmlunit/xmlunit-core/2.9.1/xmlunit-core-2.9.1.jar:"/>
    <property name="java.vm.vendor" value="Amazon.com Inc."/>
    <property name="sun.arch.data.model" value="64"/>
    <property name="java.vendor.url" value="https://aws.amazon.com/corretto/"/>
    <property name="user.timezone" value="Asia/Kolkata"/>
    <property name="org.jboss.logging.provider" value="slf4j"/>
    <property name="os.name" value="Mac OS X"/>
    <property name="java.vm.specification.version" value="21"/>
    <property name="sun.java.launcher" value="SUN_STANDARD"/>
    <property name="user.country" value="IN"/>
    <property name="sun.boot.library.path" value="/Users/ts-rajat.b.sharma/Library/Java/JavaVirtualMachines/corretto-21.0.3/Contents/Home/lib"/>
    <property name="sun.java.command" value="/Users/ts-rajat.b.sharma/CodesAndRepos/PushPullApp/target/surefire/surefirebooter-20240610144604440_3.jar /Users/ts-rajat.b.sharma/CodesAndRepos/PushPullApp/target/surefire 2024-06-10T14-46-04_311-jvmRun1 surefire-20240610144604440_1tmp surefire_0-20240610144604440_2tmp"/>
    <property name="jdk.debug" value="release"/>
    <property name="surefire.test.class.path" value="/Users/ts-rajat.b.sharma/CodesAndRepos/PushPullApp/target/test-classes:/Users/ts-rajat.b.sharma/CodesAndRepos/PushPullApp/target/classes:/Users/ts-rajat.b.sharma/.m2/repository/org/springframework/boot/spring-boot-starter-data-jpa/3.3.0/spring-boot-starter-data-jpa-3.3.0.jar:/Users/ts-rajat.b.sharma/.m2/repository/org/springframework/boot/spring-boot-starter-aop/3.3.0/spring-boot-starter-aop-3.3.0.jar:/Users/ts-rajat.b.sharma/.m2/repository/org/springframework/spring-aop/6.1.8/spring-aop-6.1.8.jar:/Users/ts-rajat.b.sharma/.m2/repository/org/aspectj/aspectjweaver/1.9.22/aspectjweaver-1.9.22.jar:/Users/ts-rajat.b.sharma/.m2/repository/org/springframework/boot/spring-boot-starter-jdbc/3.3.0/spring-boot-starter-jdbc-3.3.0.jar:/Users/ts-rajat.b.sharma/.m2/repository/com/zaxxer/HikariCP/5.1.0/HikariCP-5.1.0.jar:/Users/ts-rajat.b.sharma/.m2/repository/org/springframework/spring-jdbc/6.1.8/spring-jdbc-6.1.8.jar:/Users/ts-rajat.b.sharma/.m2/repository/org/hibernate/orm/hibernate-core/6.5.2.Final/hibernate-core-6.5.2.Final.jar:/Users/ts-rajat.b.sharma/.m2/repository/jakarta/persistence/jakarta.persistence-api/3.1.0/jakarta.persistence-api-3.1.0.jar:/Users/ts-rajat.b.sharma/.m2/repository/jakarta/transaction/jakarta.transaction-api/2.0.1/jakarta.transaction-api-2.0.1.jar:/Users/ts-rajat.b.sharma/.m2/repository/org/jboss/logging/jboss-logging/3.5.3.Final/jboss-logging-3.5.3.Final.jar:/Users/ts-rajat.b.sharma/.m2/repository/org/hibernate/common/hibernate-commons-annotations/6.0.6.Final/hibernate-commons-annotations-6.0.6.Final.jar:/Users/ts-rajat.b.sharma/.m2/repository/io/smallrye/jandex/3.1.2/jandex-3.1.2.jar:/Users/ts-rajat.b.sharma/.m2/repository/com/fasterxml/classmate/1.7.0/classmate-1.7.0.jar:/Users/ts-rajat.b.sharma/.m2/repository/net/bytebuddy/byte-buddy/1.14.16/byte-buddy-1.14.16.jar:/Users/ts-rajat.b.sharma/.m2/repository/org/glassfish/jaxb/jaxb-runtime/4.0.5/jaxb-runtime-4.0.5.jar:/Users/ts-rajat.b.sharma/.m2/repository/org/glassfish/jaxb/jaxb-core/4.0.5/jaxb-core-4.0.5.jar:/Users/ts-rajat.b.sharma/.m2/repository/org/eclipse/angus/angus-activation/2.0.2/angus-activation-2.0.2.jar:/Users/ts-rajat.b.sharma/.m2/repository/org/glassfish/jaxb/txw2/4.0.5/txw2-4.0.5.jar:/Users/ts-rajat.b.sharma/.m2/repository/com/sun/istack/istack-commons-runtime/4.1.2/istack-commons-runtime-4.1.2.jar:/Users/ts-rajat.b.sharma/.m2/repository/jakarta/inject/jakarta.inject-api/2.0.1/jakarta.inject-api-2.0.1.jar:/Users/ts-rajat.b.sharma/.m2/repository/org/antlr/antlr4-runtime/4.13.0/antlr4-runtime-4.13.0.jar:/Users/ts-rajat.b.sharma/.m2/repository/org/springframework/data/spring-data-jpa/3.3.0/spring-data-jpa-3.3.0.jar:/Users/ts-rajat.b.sharma/.m2/repository/org/springframework/data/spring-data-commons/3.3.0/spring-data-commons-3.3.0.jar:/Users/ts-rajat.b.sharma/.m2/repository/org/springframework/spring-orm/6.1.8/spring-orm-6.1.8.jar:/Users/ts-rajat.b.sharma/.m2/repository/org/springframework/spring-context/6.1.8/spring-context-6.1.8.jar:/Users/ts-rajat.b.sharma/.m2/repository/org/springframework/spring-tx/6.1.8/spring-tx-6.1.8.jar:/Users/ts-rajat.b.sharma/.m2/repository/org/springframework/spring-beans/6.1.8/spring-beans-6.1.8.jar:/Users/ts-rajat.b.sharma/.m2/repository/jakarta/annotation/jakarta.annotation-api/2.1.1/jakarta.annotation-api-2.1.1.jar:/Users/ts-rajat.b.sharma/.m2/repository/org/slf4j/slf4j-api/2.0.13/slf4j-api-2.0.13.jar:/Users/ts-rajat.b.sharma/.m2/repository/org/springframework/spring-aspects/6.1.8/spring-aspects-6.1.8.jar:/Users/ts-rajat.b.sharma/.m2/repository/org/springframework/boot/spring-boot-starter-web/3.3.0/spring-boot-starter-web-3.3.0.jar:/Users/ts-rajat.b.sharma/.m2/repository/org/springframework/boot/spring-boot-starter/3.3.0/spring-boot-starter-3.3.0.jar:/Users/ts-rajat.b.sharma/.m2/repository/org/springframework/boot/spring-boot/3.3.0/spring-boot-3.3.0.jar:/Users/ts-rajat.b.sharma/.m2/repository/org/springframework/boot/spring-boot-autoconfigure/3.3.0/spring-boot-autoconfigure-3.3.0.jar:/Users/ts-rajat.b.sharma/.m2/repository/org/springframework/boot/spring-boot-starter-logging/3.3.0/spring-boot-starter-logging-3.3.0.jar:/Users/ts-rajat.b.sharma/.m2/repository/ch/qos/logback/logback-classic/1.5.6/logback-classic-1.5.6.jar:/Users/ts-rajat.b.sharma/.m2/repository/ch/qos/logback/logback-core/1.5.6/logback-core-1.5.6.jar:/Users/ts-rajat.b.sharma/.m2/repository/org/apache/logging/log4j/log4j-to-slf4j/2.23.1/log4j-to-slf4j-2.23.1.jar:/Users/ts-rajat.b.sharma/.m2/repository/org/apache/logging/log4j/log4j-api/2.23.1/log4j-api-2.23.1.jar:/Users/ts-rajat.b.sharma/.m2/repository/org/slf4j/jul-to-slf4j/2.0.13/jul-to-slf4j-2.0.13.jar:/Users/ts-rajat.b.sharma/.m2/repository/org/yaml/snakeyaml/2.2/snakeyaml-2.2.jar:/Users/ts-rajat.b.sharma/.m2/repository/org/springframework/boot/spring-boot-starter-json/3.3.0/spring-boot-starter-json-3.3.0.jar:/Users/ts-rajat.b.sharma/.m2/repository/com/fasterxml/jackson/core/jackson-databind/2.17.1/jackson-databind-2.17.1.jar:/Users/ts-rajat.b.sharma/.m2/repository/com/fasterxml/jackson/core/jackson-annotations/2.17.1/jackson-annotations-2.17.1.jar:/Users/ts-rajat.b.sharma/.m2/repository/com/fasterxml/jackson/core/jackson-core/2.17.1/jackson-core-2.17.1.jar:/Users/ts-rajat.b.sharma/.m2/repository/com/fasterxml/jackson/datatype/jackson-datatype-jdk8/2.17.1/jackson-datatype-jdk8-2.17.1.jar:/Users/ts-rajat.b.sharma/.m2/repository/com/fasterxml/jackson/datatype/jackson-datatype-jsr310/2.17.1/jackson-datatype-jsr310-2.17.1.jar:/Users/ts-rajat.b.sharma/.m2/repository/com/fasterxml/jackson/module/jackson-module-parameter-names/2.17.1/jackson-module-parameter-names-2.17.1.jar:/Users/ts-rajat.b.sharma/.m2/repository/org/springframework/boot/spring-boot-starter-tomcat/3.3.0/spring-boot-starter-tomcat-3.3.0.jar:/Users/ts-rajat.b.sharma/.m2/repository/org/apache/tomcat/embed/tomcat-embed-core/10.1.24/tomcat-embed-core-10.1.24.jar:/Users/ts-rajat.b.sharma/.m2/repository/org/apache/tomcat/embed/tomcat-embed-el/10.1.24/tomcat-embed-el-10.1.24.jar:/Users/ts-rajat.b.sharma/.m2/repository/org/apache/tomcat/embed/tomcat-embed-websocket/10.1.24/tomcat-embed-websocket-10.1.24.jar:/Users/ts-rajat.b.sharma/.m2/repository/org/springframework/spring-web/6.1.8/spring-web-6.1.8.jar:/Users/ts-rajat.b.sharma/.m2/repository/io/micrometer/micrometer-observation/1.13.0/micrometer-observation-1.13.0.jar:/Users/ts-rajat.b.sharma/.m2/repository/io/micrometer/micrometer-commons/1.13.0/micrometer-commons-1.13.0.jar:/Users/ts-rajat.b.sharma/.m2/repository/org/springframework/spring-webmvc/6.1.8/spring-webmvc-6.1.8.jar:/Users/ts-rajat.b.sharma/.m2/repository/org/springframework/spring-expression/6.1.8/spring-expression-6.1.8.jar:/Users/ts-rajat.b.sharma/.m2/repository/com/microsoft/sqlserver/mssql-jdbc/12.6.1.jre11/mssql-jdbc-12.6.1.jre11.jar:/Users/ts-rajat.b.sharma/.m2/repository/javax/persistence/javax.persistence-api/2.2/javax.persistence-api-2.2.jar:/Users/ts-rajat.b.sharma/.m2/repository/org/springframework/boot/spring-boot-starter-test/3.3.0/spring-boot-starter-test-3.3.0.jar:/Users/ts-rajat.b.sharma/.m2/repository/org/springframework/boot/spring-boot-test/3.3.0/spring-boot-test-3.3.0.jar:/Users/ts-rajat.b.sharma/.m2/repository/org/springframework/boot/spring-boot-test-autoconfigure/3.3.0/spring-boot-test-autoconfigure-3.3.0.jar:/Users/ts-rajat.b.sharma/.m2/repository/com/jayway/jsonpath/json-path/2.9.0/json-path-2.9.0.jar:/Users/ts-rajat.b.sharma/.m2/repository/jakarta/xml/bind/jakarta.xml.bind-api/4.0.2/jakarta.xml.bind-api-4.0.2.jar:/Users/ts-rajat.b.sharma/.m2/repository/jakarta/activation/jakarta.activation-api/2.1.3/jakarta.activation-api-2.1.3.jar:/Users/ts-rajat.b.sharma/.m2/repository/net/minidev/json-smart/2.5.1/json-smart-2.5.1.jar:/Users/ts-rajat.b.sharma/.m2/repository/net/minidev/accessors-smart/2.5.1/accessors-smart-2.5.1.jar:/Users/ts-rajat.b.sharma/.m2/repository/org/ow2/asm/asm/9.6/asm-9.6.jar:/Users/ts-rajat.b.sharma/.m2/repository/org/assertj/assertj-core/3.25.3/assertj-core-3.25.3.jar:/Users/ts-rajat.b.sharma/.m2/repository/org/awaitility/awaitility/4.2.1/awaitility-4.2.1.jar:/Users/ts-rajat.b.sharma/.m2/repository/org/hamcrest/hamcrest/2.2/hamcrest-2.2.jar:/Users/ts-rajat.b.sharma/.m2/repository/org/junit/jupiter/junit-jupiter/5.10.2/junit-jupiter-5.10.2.jar:/Users/ts-rajat.b.sharma/.m2/repository/org/junit/jupiter/junit-jupiter-api/5.10.2/junit-jupiter-api-5.10.2.jar:/Users/ts-rajat.b.sharma/.m2/repository/org/opentest4j/opentest4j/1.3.0/opentest4j-1.3.0.jar:/Users/ts-rajat.b.sharma/.m2/repository/org/junit/platform/junit-platform-commons/1.10.2/junit-platform-commons-1.10.2.jar:/Users/ts-rajat.b.sharma/.m2/repository/org/apiguardian/apiguardian-api/1.1.2/apiguardian-api-1.1.2.jar:/Users/ts-rajat.b.sharma/.m2/repository/org/junit/jupiter/junit-jupiter-params/5.10.2/junit-jupiter-params-5.10.2.jar:/Users/ts-rajat.b.sharma/.m2/repository/org/junit/jupiter/junit-jupiter-engine/5.10.2/junit-jupiter-engine-5.10.2.jar:/Users/ts-rajat.b.sharma/.m2/repository/org/junit/platform/junit-platform-engine/1.10.2/junit-platform-engine-1.10.2.jar:/Users/ts-rajat.b.sharma/.m2/repository/org/mockito/mockito-core/5.11.0/mockito-core-5.11.0.jar:/Users/ts-rajat.b.sharma/.m2/repository/net/bytebuddy/byte-buddy-agent/1.14.16/byte-buddy-agent-1.14.16.jar:/Users/ts-rajat.b.sharma/.m2/repository/org/objenesis/objenesis/3.3/objenesis-3.3.jar:/Users/ts-rajat.b.sharma/.m2/repository/org/mockito/mockito-junit-jupiter/5.11.0/mockito-junit-jupiter-5.11.0.jar:/Users/ts-rajat.b.sharma/.m2/repository/org/skyscreamer/jsonassert/1.5.1/jsonassert-1.5.1.jar:/Users/ts-rajat.b.sharma/.m2/repository/com/vaadin/external/google/android-json/0.0.20131108.vaadin1/android-json-0.0.20131108.vaadin1.jar:/Users/ts-rajat.b.sharma/.m2/repository/org/springframework/spring-core/6.1.8/spring-core-6.1.8.jar:/Users/ts-rajat.b.sharma/.m2/repository/org/springframework/spring-jcl/6.1.8/spring-jcl-6.1.8.jar:/Users/ts-rajat.b.sharma/.m2/repository/org/springframework/spring-test/6.1.8/spring-test-6.1.8.jar:/Users/ts-rajat.b.sharma/.m2/repository/org/xmlunit/xmlunit-core/2.9.1/xmlunit-core-2.9.1.jar:"/>
    <property name="sun.cpu.endian" value="little"/>
    <property name="user.home" value="/Users/ts-rajat.b.sharma"/>
    <property name="user.language" value="en"/>
    <property name="java.specification.vendor" value="Oracle Corporation"/>
    <property name="java.version.date" value="2024-04-16"/>
    <property name="java.home" value="/Users/ts-rajat.b.sharma/Library/Java/JavaVirtualMachines/corretto-21.0.3/Contents/Home"/>
    <property name="file.separator" value="/"/>
    <property name="basedir" value="/Users/ts-rajat.b.sharma/CodesAndRepos/PushPullApp"/>
    <property name="java.vm.compressedOopsMode" value="Zero based"/>
    <property name="line.separator" value="&#10;"/>
    <property name="java.vm.specification.vendor" value="Oracle Corporation"/>
    <property name="java.specification.name" value="Java Platform API Specification"/>
    <property name="FILE_LOG_CHARSET" value="UTF-8"/>
    <property name="java.awt.headless" value="true"/>
    <property name="apple.awt.application.name" value="ForkedBooter"/>
    <property name="surefire.real.class.path" value="/Users/ts-rajat.b.sharma/CodesAndRepos/PushPullApp/target/surefire/surefirebooter-20240610144604440_3.jar"/>
    <property name="sun.management.compiler" value="HotSpot 64-Bit Tiered Compilers"/>
    <property name="java.runtime.version" value="21.0.3+9-LTS"/>
    <property name="user.name" value="ts-rajat.b.sharma"/>
    <property name="stdout.encoding" value="US-ASCII"/>
    <property name="path.separator" value=":"/>
    <property name="os.version" value="14.5"/>
    <property name="java.runtime.name" value="OpenJDK Runtime Environment"/>
    <property name="file.encoding" value="UTF-8"/>
    <property name="java.vm.name" value="OpenJDK 64-Bit Server VM"/>
    <property name="java.vendor.version" value="Corretto-21.0.3.9.1"/>
    <property name="localRepository" value="/Users/ts-rajat.b.sharma/.m2/repository"/>
    <property name="java.vendor.url.bug" value="https://github.com/corretto/corretto-21/issues/"/>
    <property name="java.io.tmpdir" value="/var/folders/n8/mxcrvdn116b4vd665hbqm0g80000gn/T/"/>
    <property name="idea.version" value="2024.1"/>
    <property name="com.zaxxer.hikari.pool_number" value="1"/>
    <property name="java.version" value="21.0.3"/>
    <property name="user.dir" value="/Users/ts-rajat.b.sharma/CodesAndRepos/PushPullApp"/>
    <property name="os.arch" value="x86_64"/>
    <property name="java.vm.specification.name" value="Java Virtual Machine Specification"/>
    <property name="PID" value="24763"/>
    <property name="CONSOLE_LOG_CHARSET" value="UTF-8"/>
    <property name="native.encoding" value="US-ASCII"/>
    <property name="java.library.path" value="/Users/ts-rajat.b.sharma/Library/Java/Extensions:/Library/Java/Extensions:/Network/Library/Java/Extensions:/System/Library/Java/Extensions:/usr/lib/java:."/>
    <property name="java.vm.info" value="mixed mode, sharing"/>
    <property name="stderr.encoding" value="US-ASCII"/>
    <property name="java.vendor" value="Amazon.com Inc."/>
    <property name="java.vm.version" value="21.0.3+9-LTS"/>
    <property name="sun.io.unicode.encoding" value="UnicodeBig"/>
    <property name="java.class.version" value="65.0"/>
    <property name="LOGGED_APPLICATION_NAME" value="[PushPullApp] "/>
  </properties>
  <testcase name="contextLoads" classname="com.Mssql.PushPullApp.PushPullAppApplicationTests" time="0.691">
    <system-out><![CDATA[14:46:05.471 [main] INFO org.springframework.test.context.support.AnnotationConfigContextLoaderUtils -- Could not detect default configuration classes for test class [com.Mssql.PushPullApp.PushPullAppApplicationTests]: PushPullAppApplicationTests does not declare any static, non-private, non-final, nested classes annotated with @Configuration.
14:46:05.604 [main] INFO org.springframework.boot.test.context.SpringBootTestContextBootstrapper -- Found @SpringBootConfiguration com.Mssql.PushPullApp.PushPullAppApplication for test class com.Mssql.PushPullApp.PushPullAppApplicationTests
  .   ____          _            __ _ _
 /\\ / ___'_ __ _ _(_)_ __  __ _ \ \ \ \
( ( )\___ | '_ | '_| | '_ \/ _` | \ \ \ \
 \\/  ___)| |_)| | | | | || (_| |  ) ) ) )
  '  |____| .__|_| |_|_| |_\__, | / / / /
 =========|_|==============|___/=/_/_/_/

 :: Spring Boot ::                (v3.3.0)

2024-06-10T14:46:06.085+05:30  INFO 24763 --- [PushPullApp] [           main] c.M.P.PushPullAppApplicationTests        : Starting PushPullAppApplicationTests using Java 21.0.3 with PID 24763 (started by ts-rajat.b.sharma in /Users/ts-rajat.b.sharma/CodesAndRepos/PushPullApp)
2024-06-10T14:46:06.087+05:30  INFO 24763 --- [PushPullApp] [           main] c.M.P.PushPullAppApplicationTests        : No active profile set, falling back to 1 default profile: "default"
2024-06-10T14:46:06.782+05:30  INFO 24763 --- [PushPullApp] [           main] .s.d.r.c.RepositoryConfigurationDelegate : Bootstrapping Spring Data JPA repositories in DEFAULT mode.
2024-06-10T14:46:06.847+05:30  INFO 24763 --- [PushPullApp] [           main] .s.d.r.c.RepositoryConfigurationDelegate : Finished Spring Data repository scanning in 55 ms. Found 1 JPA repository interface.
2024-06-10T14:46:07.410+05:30  INFO 24763 --- [PushPullApp] [           main] o.hibernate.jpa.internal.util.LogHelper  : HHH000204: Processing PersistenceUnitInfo [name: default]
2024-06-10T14:46:07.481+05:30  INFO 24763 --- [PushPullApp] [           main] org.hibernate.Version                    : HHH000412: Hibernate ORM core version 6.5.2.Final
2024-06-10T14:46:07.522+05:30  INFO 24763 --- [PushPullApp] [           main] o.h.c.internal.RegionFactoryInitiator    : HHH000026: Second-level cache disabled
2024-06-10T14:46:07.885+05:30  INFO 24763 --- [PushPullApp] [           main] o.s.o.j.p.SpringPersistenceUnitInfo      : No LoadTimeWeaver setup: ignoring JPA class transformer
2024-06-10T14:46:07.917+05:30  INFO 24763 --- [PushPullApp] [           main] com.zaxxer.hikari.HikariDataSource       : HikariPool-1 - Starting...
2024-06-10T14:46:08.417+05:30  INFO 24763 --- [PushPullApp] [           main] com.zaxxer.hikari.pool.HikariPool        : HikariPool-1 - Added connection ConnectionID:1 ClientConnectionId: ea0039ff-0fe2-4dc9-83f1-8fa976b9ebc9
2024-06-10T14:46:08.418+05:30  INFO 24763 --- [PushPullApp] [           main] com.zaxxer.hikari.HikariDataSource       : HikariPool-1 - Start completed.
2024-06-10T14:46:08.449+05:30  WARN 24763 --- [PushPullApp] [           main] org.hibernate.orm.deprecation            : HHH90000025: SQLServer2012Dialect does not need to be specified explicitly using 'hibernate.dialect' (remove the property setting and it will be selected by default)
2024-06-10T14:46:08.450+05:30  WARN 24763 --- [PushPullApp] [           main] org.hibernate.orm.deprecation            : HHH90000026: SQLServer2012Dialect has been deprecated; use org.hibernate.dialect.SQLServerDialect instead
2024-06-10T14:46:09.337+05:30  INFO 24763 --- [PushPullApp] [           main] o.h.e.t.j.p.i.JtaPlatformInitiator       : HHH000489: No JTA platform available (set 'hibernate.transaction.jta.platform' to enable JTA platform integration)
2024-06-10T14:46:09.417+05:30  INFO 24763 --- [PushPullApp] [           main] j.LocalContainerEntityManagerFactoryBean : Initialized JPA EntityManagerFactory for persistence unit 'default'
2024-06-10T14:46:09.874+05:30  WARN 24763 --- [PushPullApp] [           main] JpaBaseConfiguration$JpaWebConfiguration : spring.jpa.open-in-view is enabled by default. Therefore, database queries may be performed during view rendering. Explicitly configure spring.jpa.open-in-view to disable this warning
2024-06-10T14:46:10.289+05:30  INFO 24763 --- [PushPullApp] [           main] c.M.P.PushPullAppApplicationTests        : Started PushPullAppApplicationTests in 4.503 seconds (process running for 5.688)
]]></system-out>
    <system-err><![CDATA[WARNING: A Java agent has been loaded dynamically (/Users/ts-rajat.b.sharma/.m2/repository/net/bytebuddy/byte-buddy-agent/1.14.16/byte-buddy-agent-1.14.16.jar)
WARNING: If a serviceability tool is in use, please run with -XX:+EnableDynamicAgentLoading to hide this warning
WARNING: If a serviceability tool is not in use, please run with -Djdk.instrument.traceUsage for more information
WARNING: Dynamic loading of agents will be disallowed by default in a future release
]]></system-err>
  </testcase>
</testsuite>